[debug] [2023-11-11T12:13:07.070Z] ----------------------------------------------------------------------
[debug] [2023-11-11T12:13:07.072Z] Command:       C:\Program Files\nodejs\node.exe C:\Users\darsh\AppData\Roaming\npm\node_modules\firebase-tools\lib\bin\firebase.js emulators:start
[debug] [2023-11-11T12:13:07.072Z] CLI Version:   12.8.0
[debug] [2023-11-11T12:13:07.072Z] Platform:      win32
[debug] [2023-11-11T12:13:07.073Z] Node Version:  v20.5.0
[debug] [2023-11-11T12:13:07.073Z] Time:          Sat Nov 11 2023 17:43:07 GMT+0530 (India Standard Time)
[debug] [2023-11-11T12:13:07.073Z] ----------------------------------------------------------------------
[debug] 
[debug] [2023-11-11T12:13:07.214Z] > command requires scopes: ["email","openid","https://www.googleapis.com/auth/cloudplatformprojects.readonly","https://www.googleapis.com/auth/firebase","https://www.googleapis.com/auth/cloud-platform"]
[debug] [2023-11-11T12:13:07.214Z] > authorizing via signed-in user (darshansatapara286@gmail.com)
[info] i  emulators: Starting emulators: functions {"metadata":{"emulator":{"name":"hub"},"message":"Starting emulators: functions"}}
[debug] [2023-11-11T12:13:07.223Z] [logging] Logging Emulator only supports listening on one address (127.0.0.1). Not listening on ::1
[debug] [2023-11-11T12:13:07.223Z] assigned listening specs for emulators {"user":{"hub":[{"address":"127.0.0.1","family":"IPv4","port":4400},{"address":"::1","family":"IPv6","port":4400}],"ui":[{"address":"127.0.0.1","family":"IPv4","port":4000},{"address":"::1","family":"IPv6","port":4000}],"logging":[{"address":"127.0.0.1","family":"IPv4","port":4500}]},"metadata":{"message":"assigned listening specs for emulators"}}
[debug] [2023-11-11T12:13:07.236Z] [hub] writing locator at C:\Users\darsh\AppData\Local\Temp\hub-e-clone-e697d.json
[debug] [2023-11-11T12:13:07.266Z] [functions] Functions Emulator only supports listening on one address (127.0.0.1). Not listening on ::1
[debug] [2023-11-11T12:13:07.266Z] [eventarc] Eventarc Emulator only supports listening on one address (127.0.0.1). Not listening on ::1
[debug] [2023-11-11T12:13:07.266Z] late-assigned ports for functions and eventarc emulators {"user":{"hub":[{"address":"127.0.0.1","family":"IPv4","port":4400},{"address":"::1","family":"IPv6","port":4400}],"ui":[{"address":"127.0.0.1","family":"IPv4","port":4000},{"address":"::1","family":"IPv6","port":4000}],"logging":[{"address":"127.0.0.1","family":"IPv4","port":4500}],"functions":[{"address":"127.0.0.1","family":"IPv4","port":5001}],"eventarc":[{"address":"127.0.0.1","family":"IPv4","port":9299}]},"metadata":{"message":"late-assigned ports for functions and eventarc emulators"}}
[warn] !  functions: The following emulators are not running, calls to these services from the Functions emulator will affect production: auth, firestore, database, hosting, pubsub, storage {"metadata":{"emulator":{"name":"functions"},"message":"The following emulators are not running, calls to these services from the Functions emulator will affect production: \u001b[1mauth, firestore, database, hosting, pubsub, storage\u001b[22m"}}
[debug] [2023-11-11T12:13:07.271Z] defaultcredentials: writing to file C:\Users\darsh\AppData\Roaming\firebase\darshansatapara286_gmail_com_application_default_credentials.json
[debug] [2023-11-11T12:13:07.275Z] Setting GAC to C:\Users\darsh\AppData\Roaming\firebase\darshansatapara286_gmail_com_application_default_credentials.json {"metadata":{"emulator":{"name":"functions"},"message":"Setting GAC to C:\\Users\\darsh\\AppData\\Roaming\\firebase\\darshansatapara286_gmail_com_application_default_credentials.json"}}
[debug] [2023-11-11T12:13:07.277Z] > refreshing access token with scopes: []
[debug] [2023-11-11T12:13:07.278Z] >>> [apiv2][query] POST https://www.googleapis.com/oauth2/v3/token [none]
[debug] [2023-11-11T12:13:07.278Z] >>> [apiv2][body] POST https://www.googleapis.com/oauth2/v3/token [omitted]
[debug] [2023-11-11T12:13:07.827Z] <<< [apiv2][status] POST https://www.googleapis.com/oauth2/v3/token 200
[debug] [2023-11-11T12:13:07.827Z] <<< [apiv2][body] POST https://www.googleapis.com/oauth2/v3/token [omitted]
[debug] [2023-11-11T12:13:07.838Z] >>> [apiv2][query] GET https://firebase.googleapis.com/v1beta1/projects/e-clone-e697d/adminSdkConfig [none]
[debug] [2023-11-11T12:13:08.625Z] <<< [apiv2][status] GET https://firebase.googleapis.com/v1beta1/projects/e-clone-e697d/adminSdkConfig 200
[debug] [2023-11-11T12:13:08.625Z] <<< [apiv2][body] GET https://firebase.googleapis.com/v1beta1/projects/e-clone-e697d/adminSdkConfig {"projectId":"e-clone-e697d","storageBucket":"e-clone-e697d.appspot.com"}
[debug] [2023-11-11T12:13:08.643Z] Ignoring unsupported arg: auto_download {"metadata":{"emulator":{"name":"ui"},"message":"Ignoring unsupported arg: auto_download"}}
[debug] [2023-11-11T12:13:08.643Z] Ignoring unsupported arg: port {"metadata":{"emulator":{"name":"ui"},"message":"Ignoring unsupported arg: port"}}
[debug] [2023-11-11T12:13:08.643Z] Starting Emulator UI with command {"binary":"node","args":["C:\\Users\\darsh\\.cache\\firebase\\emulators\\ui-v1.11.7\\server\\server.js"],"optionalArgs":[],"joinArgs":false} {"metadata":{"emulator":{"name":"ui"},"message":"Starting Emulator UI with command {\"binary\":\"node\",\"args\":[\"C:\\\\Users\\\\darsh\\\\.cache\\\\firebase\\\\emulators\\\\ui-v1.11.7\\\\server\\\\server.js\"],\"optionalArgs\":[],\"joinArgs\":false}"}}
[info] i  ui: Emulator UI logging to ui-debug.log {"metadata":{"emulator":{"name":"ui"},"message":"Emulator UI logging to \u001b[1mui-debug.log\u001b[22m"}}
[debug] [2023-11-11T12:13:09.186Z] Web / API server started at 127.0.0.1:4000
 {"metadata":{"emulator":{"name":"ui"},"message":"Web / API server started at 127.0.0.1:4000\n"}}
[debug] [2023-11-11T12:13:09.186Z] Web / API server started at ::1:4000
 {"metadata":{"emulator":{"name":"ui"},"message":"Web / API server started at ::1:4000\n"}}
[info] i  functions: Watching "D:\video\Coding Video\A practice\react app\amzon clone\amazoneclone\functions" for Cloud Functions... {"metadata":{"emulator":{"name":"functions"},"message":"Watching \"D:\\video\\Coding Video\\A practice\\react app\\amzon clone\\amazoneclone\\functions\" for Cloud Functions..."}}
[debug] [2023-11-11T12:13:09.340Z] Validating nodejs source
[debug] [2023-11-11T12:13:13.092Z] > [functions] package.json contents: {
  "name": "functions",
  "description": "Cloud Functions for Firebase",
  "scripts": {
    "lint": "eslint .",
    "serve": "firebase emulators:start --only functions",
    "shell": "firebase functions:shell",
    "start": "npm run shell",
    "deploy": "firebase deploy --only functions",
    "logs": "firebase functions:log"
  },
  "engines": {
    "node": "18"
  },
  "main": "index.js",
  "dependencies": {
    "firebase-admin": "^11.8.0",
    "firebase-functions": "^4.3.1"
  },
  "devDependencies": {
    "eslint": "^8.15.0",
    "eslint-config-google": "^0.14.0",
    "firebase-functions-test": "^3.1.0"
  },
  "private": true
}
[debug] [2023-11-11T12:13:13.093Z] Building nodejs source
[debug] [2023-11-11T12:13:13.093Z] Failed to find version of module node: reached end of search path D:\video\Coding Video\A practice\react app\amzon clone\amazoneclone\functions\node_modules
[warn] !  functions: Your requested "node" version "18" doesn't match your global version "20". Using node@20 from host. 
[debug] [2023-11-11T12:13:13.097Z] Could not find functions.yaml. Must use http discovery
[debug] [2023-11-11T12:13:13.105Z] Found firebase-functions binary at 'D:\video\Coding Video\A practice\react app\amzon clone\amazoneclone\functions\node_modules\.bin\firebase-functions'
[info] Serving at port 8202

[error] TypeError: require(...) is not a function
    at Object.<anonymous> (D:\video\Coding Video\A practice\react app\amzon clone\amazoneclone\functions\index.js:4:44)
    at Module._compile (node:internal/modules/cjs/loader:1233:14)
    at Module._extensions..js (node:internal/modules/cjs/loader:1287:10)
    at Module.load (node:internal/modules/cjs/loader:1091:32)
    at Module._load (node:internal/modules/cjs/loader:938:12)
    at Module.require (node:internal/modules/cjs/loader:1115:19)
    at require (node:internal/modules/helpers:119:18)
    at loadModule (D:\video\Coding Video\A practice\react app\amzon clone\amazoneclone\functions\node_modules\firebase-functions\lib\runtime\loader.js:40:16)
    at loadStack (D:\video\Coding Video\A practice\react app\amzon clone\amazoneclone\functions\node_modules\firebase-functions\lib\runtime\loader.js:93:23)
    at D:\video\Coding Video\A practice\react app\amzon clone\amazoneclone\functions\node_modules\firebase-functions\lib\bin\firebase-functions.js:56:56

[debug] [2023-11-11T12:13:19.144Z] Got response code 400; body Failed to generate manifest from function source: TypeError: require(...) is not a function
[error] !!  functions: Failed to load function definition from source: FirebaseError: Functions codebase could not be analyzed successfully. It may have a syntax or runtime error {"metadata":{"emulator":{"name":"functions"},"message":"Failed to load function definition from source: FirebaseError: Functions codebase could not be analyzed successfully. It may have a syntax or runtime error"}}
[info] 
┌─────────────────────────────────────────────────────────────┐
│ ✔  All emulators ready! It is now safe to connect your app. │
│ i  View Emulator UI at http://127.0.0.1:4000/               │
└─────────────────────────────────────────────────────────────┘

┌───────────┬────────────────┬─────────────────────────────────┐
│ Emulator  │ Host:Port      │ View in Emulator UI             │
├───────────┼────────────────┼─────────────────────────────────┤
│ Functions │ 127.0.0.1:5001 │ http://127.0.0.1:4000/functions │
└───────────┴────────────────┴─────────────────────────────────┘
  Emulator Hub running at 127.0.0.1:4400
  Other reserved ports: 4500

Issues? Report them at https://github.com/firebase/firebase-tools/issues and attach the *-debug.log files.
 
[debug] [2023-11-11T12:31:43.439Z] [work-queue] {"queuedWork":["/e-clone-e697d/us-central1/api/Payment/create-2023-11-11T12:31:43.438Z"],"queueLength":1,"runningWork":[],"workRunningCount":0}
[debug] [2023-11-11T12:31:43.441Z] [work-queue] {"queuedWork":[],"queueLength":0,"runningWork":["/e-clone-e697d/us-central1/api/Payment/create-2023-11-11T12:31:43.438Z"],"workRunningCount":1}
[debug] [2023-11-11T12:31:43.443Z] [work-queue] {"queuedWork":[],"queueLength":0,"runningWork":[],"workRunningCount":0}
[debug] [2023-11-11T12:31:43.445Z] [work-queue] {"queuedWork":["/e-clone-e697d/us-central1/api/Payment/create-2023-11-11T12:31:43.445Z"],"queueLength":1,"runningWork":[],"workRunningCount":0}
[debug] [2023-11-11T12:31:43.445Z] [work-queue] {"queuedWork":[],"queueLength":0,"runningWork":["/e-clone-e697d/us-central1/api/Payment/create-2023-11-11T12:31:43.445Z"],"workRunningCount":1}
[debug] [2023-11-11T12:31:43.447Z] [work-queue] {"queuedWork":[],"queueLength":0,"runningWork":[],"workRunningCount":0}
[debug] [2023-11-11T12:33:41.079Z] [work-queue] {"queuedWork":["/e-clone-e697d/us-central1/api/Payment/create-2023-11-11T12:33:41.079Z"],"queueLength":1,"runningWork":[],"workRunningCount":0}
[debug] [2023-11-11T12:33:41.079Z] [work-queue] {"queuedWork":[],"queueLength":0,"runningWork":["/e-clone-e697d/us-central1/api/Payment/create-2023-11-11T12:33:41.079Z"],"workRunningCount":1}
[debug] [2023-11-11T12:33:41.080Z] [work-queue] {"queuedWork":[],"queueLength":0,"runningWork":[],"workRunningCount":0}
[debug] [2023-11-11T12:33:42.367Z] [work-queue] {"queuedWork":["/e-clone-e697d/us-central1/api/Payment/create-2023-11-11T12:33:42.367Z"],"queueLength":1,"runningWork":[],"workRunningCount":0}
[debug] [2023-11-11T12:33:42.368Z] [work-queue] {"queuedWork":[],"queueLength":0,"runningWork":["/e-clone-e697d/us-central1/api/Payment/create-2023-11-11T12:33:42.367Z"],"workRunningCount":1}
[debug] [2023-11-11T12:33:42.370Z] [work-queue] {"queuedWork":[],"queueLength":0,"runningWork":[],"workRunningCount":0}
[debug] [2023-11-11T12:33:42.373Z] [work-queue] {"queuedWork":["/e-clone-e697d/us-central1/api/Payment/create-2023-11-11T12:33:42.372Z"],"queueLength":1,"runningWork":[],"workRunningCount":0}
[debug] [2023-11-11T12:33:42.374Z] [work-queue] {"queuedWork":[],"queueLength":0,"runningWork":["/e-clone-e697d/us-central1/api/Payment/create-2023-11-11T12:33:42.372Z"],"workRunningCount":1}
[debug] [2023-11-11T12:33:42.376Z] [work-queue] {"queuedWork":[],"queueLength":0,"runningWork":[],"workRunningCount":0}
[debug] [2023-11-11T12:35:52.609Z] File D:\video\Coding Video\A practice\react app\amzon clone\amazoneclone\functions\index.js changed, reloading triggers {"metadata":{"emulator":{"name":"functions"},"message":"File D:\\video\\Coding Video\\A practice\\react app\\amzon clone\\amazoneclone\\functions\\index.js changed, reloading triggers"}}
[debug] [2023-11-11T12:35:53.628Z] Validating nodejs source
[debug] [2023-11-11T12:35:57.988Z] > [functions] package.json contents: {
  "name": "functions",
  "description": "Cloud Functions for Firebase",
  "scripts": {
    "lint": "eslint .",
    "serve": "firebase emulators:start --only functions",
    "shell": "firebase functions:shell",
    "start": "npm run shell",
    "deploy": "firebase deploy --only functions",
    "logs": "firebase functions:log"
  },
  "engines": {
    "node": "18"
  },
  "main": "index.js",
  "dependencies": {
    "firebase-admin": "^11.8.0",
    "firebase-functions": "^4.3.1"
  },
  "devDependencies": {
    "eslint": "^8.15.0",
    "eslint-config-google": "^0.14.0",
    "firebase-functions-test": "^3.1.0"
  },
  "private": true
}
[debug] [2023-11-11T12:35:57.988Z] Building nodejs source
[debug] [2023-11-11T12:35:57.988Z] Failed to find version of module node: reached end of search path D:\video\Coding Video\A practice\react app\amzon clone\amazoneclone\functions\node_modules
[warn] !  functions: Your requested "node" version "18" doesn't match your global version "20". Using node@20 from host. 
[debug] [2023-11-11T12:35:57.991Z] Could not find functions.yaml. Must use http discovery
[debug] [2023-11-11T12:35:57.999Z] Found firebase-functions binary at 'D:\video\Coding Video\A practice\react app\amzon clone\amazoneclone\functions\node_modules\.bin\firebase-functions'
[info] Serving at port 8976

[debug] [2023-11-11T12:36:07.201Z] File D:\video\Coding Video\A practice\react app\amzon clone\amazoneclone\functions\index.js changed, reloading triggers {"metadata":{"emulator":{"name":"functions"},"message":"File D:\\video\\Coding Video\\A practice\\react app\\amzon clone\\amazoneclone\\functions\\index.js changed, reloading triggers"}}
[error] TypeError: require(...) is not a function
    at Object.<anonymous> (D:\video\Coding Video\A practice\react app\amzon clone\amazoneclone\functions\index.js:4:44)
    at Module._compile (node:internal/modules/cjs/loader:1233:14)
    at Module._extensions..js (node:internal/modules/cjs/loader:1287:10)
    at Module.load (node:internal/modules/cjs/loader:1091:32)
    at Module._load (node:internal/modules/cjs/loader:938:12)
    at Module.require (node:internal/modules/cjs/loader:1115:19)
    at require (node:internal/modules/helpers:119:18)
    at loadModule (D:\video\Coding Video\A practice\react app\amzon clone\amazoneclone\functions\node_modules\firebase-functions\lib\runtime\loader.js:40:16)
    at loadStack (D:\video\Coding Video\A practice\react app\amzon clone\amazoneclone\functions\node_modules\firebase-functions\lib\runtime\loader.js:93:23)
    at D:\video\Coding Video\A practice\react app\amzon clone\amazoneclone\functions\node_modules\firebase-functions\lib\bin\firebase-functions.js:56:56

[debug] [2023-11-11T12:36:07.526Z] Got response code 400; body Failed to generate manifest from function source: TypeError: require(...) is not a function
[debug] [2023-11-11T12:36:08.210Z] Validating nodejs source
[debug] [2023-11-11T12:36:10.952Z] > [functions] package.json contents: {
  "name": "functions",
  "description": "Cloud Functions for Firebase",
  "scripts": {
    "lint": "eslint .",
    "serve": "firebase emulators:start --only functions",
    "shell": "firebase functions:shell",
    "start": "npm run shell",
    "deploy": "firebase deploy --only functions",
    "logs": "firebase functions:log"
  },
  "engines": {
    "node": "18"
  },
  "main": "index.js",
  "dependencies": {
    "firebase-admin": "^11.8.0",
    "firebase-functions": "^4.3.1"
  },
  "devDependencies": {
    "eslint": "^8.15.0",
    "eslint-config-google": "^0.14.0",
    "firebase-functions-test": "^3.1.0"
  },
  "private": true
}
[debug] [2023-11-11T12:36:10.952Z] Building nodejs source
[debug] [2023-11-11T12:36:10.953Z] Failed to find version of module node: reached end of search path D:\video\Coding Video\A practice\react app\amzon clone\amazoneclone\functions\node_modules
[warn] !  functions: Your requested "node" version "18" doesn't match your global version "20". Using node@20 from host. 
[debug] [2023-11-11T12:36:10.956Z] Could not find functions.yaml. Must use http discovery
[debug] [2023-11-11T12:36:10.962Z] Found firebase-functions binary at 'D:\video\Coding Video\A practice\react app\amzon clone\amazoneclone\functions\node_modules\.bin\firebase-functions'
[debug] [2023-11-11T12:36:10.986Z] File D:\video\Coding Video\A practice\react app\amzon clone\amazoneclone\functions\index.js changed, reloading triggers {"metadata":{"emulator":{"name":"functions"},"message":"File D:\\video\\Coding Video\\A practice\\react app\\amzon clone\\amazoneclone\\functions\\index.js changed, reloading triggers"}}
[info] Serving at port 8991

[error] TypeError: require(...) is not a function
    at Object.<anonymous> (D:\video\Coding Video\A practice\react app\amzon clone\amazoneclone\functions\index.js:4:44)
    at Module._compile (node:internal/modules/cjs/loader:1233:14)
    at Module._extensions..js (node:internal/modules/cjs/loader:1287:10)
    at Module.load (node:internal/modules/cjs/loader:1091:32)
    at Module._load (node:internal/modules/cjs/loader:938:12)
    at Module.require (node:internal/modules/cjs/loader:1115:19)
    at require (node:internal/modules/helpers:119:18)
    at loadModule (D:\video\Coding Video\A practice\react app\amzon clone\amazoneclone\functions\node_modules\firebase-functions\lib\runtime\loader.js:40:16)
    at loadStack (D:\video\Coding Video\A practice\react app\amzon clone\amazoneclone\functions\node_modules\firebase-functions\lib\runtime\loader.js:93:23)
    at D:\video\Coding Video\A practice\react app\amzon clone\amazoneclone\functions\node_modules\firebase-functions\lib\bin\firebase-functions.js:56:56

[debug] [2023-11-11T12:36:11.912Z] Got response code 400; body Failed to generate manifest from function source: TypeError: require(...) is not a function
[debug] [2023-11-11T12:36:11.992Z] Validating nodejs source
[debug] [2023-11-11T12:36:15.838Z] > [functions] package.json contents: {
  "name": "functions",
  "description": "Cloud Functions for Firebase",
  "scripts": {
    "lint": "eslint .",
    "serve": "firebase emulators:start --only functions",
    "shell": "firebase functions:shell",
    "start": "npm run shell",
    "deploy": "firebase deploy --only functions",
    "logs": "firebase functions:log"
  },
  "engines": {
    "node": "18"
  },
  "main": "index.js",
  "dependencies": {
    "firebase-admin": "^11.8.0",
    "firebase-functions": "^4.3.1"
  },
  "devDependencies": {
    "eslint": "^8.15.0",
    "eslint-config-google": "^0.14.0",
    "firebase-functions-test": "^3.1.0"
  },
  "private": true
}
[debug] [2023-11-11T12:36:15.838Z] Building nodejs source
[debug] [2023-11-11T12:36:15.839Z] Failed to find version of module node: reached end of search path D:\video\Coding Video\A practice\react app\amzon clone\amazoneclone\functions\node_modules
[warn] !  functions: Your requested "node" version "18" doesn't match your global version "20". Using node@20 from host. 
[debug] [2023-11-11T12:36:15.840Z] Could not find functions.yaml. Must use http discovery
[debug] [2023-11-11T12:36:15.846Z] Found firebase-functions binary at 'D:\video\Coding Video\A practice\react app\amzon clone\amazoneclone\functions\node_modules\.bin\firebase-functions'
[error] !!  functions: Failed to load function definition from source: FirebaseError: Functions codebase could not be analyzed successfully. It may have a syntax or runtime error {"metadata":{"emulator":{"name":"functions"},"message":"Failed to load function definition from source: FirebaseError: Functions codebase could not be analyzed successfully. It may have a syntax or runtime error"}}
[info] Serving at port 8903

[error] TypeError: require(...) is not a function
    at Object.<anonymous> (D:\video\Coding Video\A practice\react app\amzon clone\amazoneclone\functions\index.js:4:44)
    at Module._compile (node:internal/modules/cjs/loader:1233:14)
    at Module._extensions..js (node:internal/modules/cjs/loader:1287:10)
    at Module.load (node:internal/modules/cjs/loader:1091:32)
    at Module._load (node:internal/modules/cjs/loader:938:12)
    at Module.require (node:internal/modules/cjs/loader:1115:19)
    at require (node:internal/modules/helpers:119:18)
    at loadModule (D:\video\Coding Video\A practice\react app\amzon clone\amazoneclone\functions\node_modules\firebase-functions\lib\runtime\loader.js:40:16)
    at loadStack (D:\video\Coding Video\A practice\react app\amzon clone\amazoneclone\functions\node_modules\firebase-functions\lib\runtime\loader.js:93:23)
    at D:\video\Coding Video\A practice\react app\amzon clone\amazoneclone\functions\node_modules\firebase-functions\lib\bin\firebase-functions.js:56:56

[debug] [2023-11-11T12:36:16.885Z] Got response code 400; body Failed to generate manifest from function source: TypeError: require(...) is not a function
[error] !!  functions: Failed to load function definition from source: FirebaseError: Functions codebase could not be analyzed successfully. It may have a syntax or runtime error {"metadata":{"emulator":{"name":"functions"},"message":"Failed to load function definition from source: FirebaseError: Functions codebase could not be analyzed successfully. It may have a syntax or runtime error"}}
[debug] [2023-11-11T12:36:18.484Z] File D:\video\Coding Video\A practice\react app\amzon clone\amazoneclone\functions\index.js changed, reloading triggers {"metadata":{"emulator":{"name":"functions"},"message":"File D:\\video\\Coding Video\\A practice\\react app\\amzon clone\\amazoneclone\\functions\\index.js changed, reloading triggers"}}
[debug] [2023-11-11T12:36:19.485Z] Validating nodejs source
[debug] [2023-11-11T12:36:22.031Z] > [functions] package.json contents: {
  "name": "functions",
  "description": "Cloud Functions for Firebase",
  "scripts": {
    "lint": "eslint .",
    "serve": "firebase emulators:start --only functions",
    "shell": "firebase functions:shell",
    "start": "npm run shell",
    "deploy": "firebase deploy --only functions",
    "logs": "firebase functions:log"
  },
  "engines": {
    "node": "18"
  },
  "main": "index.js",
  "dependencies": {
    "firebase-admin": "^11.8.0",
    "firebase-functions": "^4.3.1"
  },
  "devDependencies": {
    "eslint": "^8.15.0",
    "eslint-config-google": "^0.14.0",
    "firebase-functions-test": "^3.1.0"
  },
  "private": true
}
[debug] [2023-11-11T12:36:22.031Z] Building nodejs source
[debug] [2023-11-11T12:36:22.031Z] Failed to find version of module node: reached end of search path D:\video\Coding Video\A practice\react app\amzon clone\amazoneclone\functions\node_modules
[warn] !  functions: Your requested "node" version "18" doesn't match your global version "20". Using node@20 from host. 
[debug] [2023-11-11T12:36:22.036Z] Could not find functions.yaml. Must use http discovery
[debug] [2023-11-11T12:36:22.042Z] Found firebase-functions binary at 'D:\video\Coding Video\A practice\react app\amzon clone\amazoneclone\functions\node_modules\.bin\firebase-functions'
[error] !!  functions: Failed to load function definition from source: FirebaseError: Functions codebase could not be analyzed successfully. It may have a syntax or runtime error {"metadata":{"emulator":{"name":"functions"},"message":"Failed to load function definition from source: FirebaseError: Functions codebase could not be analyzed successfully. It may have a syntax or runtime error"}}
[info] Serving at port 8680

[debug] [2023-11-11T12:36:22.869Z] File D:\video\Coding Video\A practice\react app\amzon clone\amazoneclone\functions\index.js changed, reloading triggers {"metadata":{"emulator":{"name":"functions"},"message":"File D:\\video\\Coding Video\\A practice\\react app\\amzon clone\\amazoneclone\\functions\\index.js changed, reloading triggers"}}
[error] TypeError: require(...) is not a function
    at Object.<anonymous> (D:\video\Coding Video\A practice\react app\amzon clone\amazoneclone\functions\index.js:4:44)
    at Module._compile (node:internal/modules/cjs/loader:1233:14)
    at Module._extensions..js (node:internal/modules/cjs/loader:1287:10)
    at Module.load (node:internal/modules/cjs/loader:1091:32)
    at Module._load (node:internal/modules/cjs/loader:938:12)
    at Module.require (node:internal/modules/cjs/loader:1115:19)
    at require (node:internal/modules/helpers:119:18)
    at loadModule (D:\video\Coding Video\A practice\react app\amzon clone\amazoneclone\functions\node_modules\firebase-functions\lib\runtime\loader.js:40:16)
    at loadStack (D:\video\Coding Video\A practice\react app\amzon clone\amazoneclone\functions\node_modules\firebase-functions\lib\runtime\loader.js:93:23)
    at D:\video\Coding Video\A practice\react app\amzon clone\amazoneclone\functions\node_modules\firebase-functions\lib\bin\firebase-functions.js:56:56

[debug] [2023-11-11T12:36:23.036Z] Got response code 400; body Failed to generate manifest from function source: TypeError: require(...) is not a function
[debug] [2023-11-11T12:36:23.878Z] Validating nodejs source
[debug] [2023-11-11T12:36:26.671Z] > [functions] package.json contents: {
  "name": "functions",
  "description": "Cloud Functions for Firebase",
  "scripts": {
    "lint": "eslint .",
    "serve": "firebase emulators:start --only functions",
    "shell": "firebase functions:shell",
    "start": "npm run shell",
    "deploy": "firebase deploy --only functions",
    "logs": "firebase functions:log"
  },
  "engines": {
    "node": "18"
  },
  "main": "index.js",
  "dependencies": {
    "firebase-admin": "^11.8.0",
    "firebase-functions": "^4.3.1"
  },
  "devDependencies": {
    "eslint": "^8.15.0",
    "eslint-config-google": "^0.14.0",
    "firebase-functions-test": "^3.1.0"
  },
  "private": true
}
[debug] [2023-11-11T12:36:26.671Z] Building nodejs source
[debug] [2023-11-11T12:36:26.672Z] Failed to find version of module node: reached end of search path D:\video\Coding Video\A practice\react app\amzon clone\amazoneclone\functions\node_modules
[warn] !  functions: Your requested "node" version "18" doesn't match your global version "20". Using node@20 from host. 
[debug] [2023-11-11T12:36:26.677Z] Could not find functions.yaml. Must use http discovery
[debug] [2023-11-11T12:36:26.684Z] Found firebase-functions binary at 'D:\video\Coding Video\A practice\react app\amzon clone\amazoneclone\functions\node_modules\.bin\firebase-functions'
[debug] [2023-11-11T12:36:26.716Z] File D:\video\Coding Video\A practice\react app\amzon clone\amazoneclone\functions\index.js changed, reloading triggers {"metadata":{"emulator":{"name":"functions"},"message":"File D:\\video\\Coding Video\\A practice\\react app\\amzon clone\\amazoneclone\\functions\\index.js changed, reloading triggers"}}
[info] Serving at port 8181

[error] TypeError: require(...) is not a function
    at Object.<anonymous> (D:\video\Coding Video\A practice\react app\amzon clone\amazoneclone\functions\index.js:4:44)
    at Module._compile (node:internal/modules/cjs/loader:1233:14)
    at Module._extensions..js (node:internal/modules/cjs/loader:1287:10)
    at Module.load (node:internal/modules/cjs/loader:1091:32)
    at Module._load (node:internal/modules/cjs/loader:938:12)
    at Module.require (node:internal/modules/cjs/loader:1115:19)
    at require (node:internal/modules/helpers:119:18)
    at loadModule (D:\video\Coding Video\A practice\react app\amzon clone\amazoneclone\functions\node_modules\firebase-functions\lib\runtime\loader.js:40:16)
    at loadStack (D:\video\Coding Video\A practice\react app\amzon clone\amazoneclone\functions\node_modules\firebase-functions\lib\runtime\loader.js:93:23)
    at D:\video\Coding Video\A practice\react app\amzon clone\amazoneclone\functions\node_modules\firebase-functions\lib\bin\firebase-functions.js:56:56

[debug] [2023-11-11T12:36:27.609Z] Got response code 400; body Failed to generate manifest from function source: TypeError: require(...) is not a function
[debug] [2023-11-11T12:36:27.719Z] Validating nodejs source
[debug] [2023-11-11T12:36:30.219Z] > [functions] package.json contents: {
  "name": "functions",
  "description": "Cloud Functions for Firebase",
  "scripts": {
    "lint": "eslint .",
    "serve": "firebase emulators:start --only functions",
    "shell": "firebase functions:shell",
    "start": "npm run shell",
    "deploy": "firebase deploy --only functions",
    "logs": "firebase functions:log"
  },
  "engines": {
    "node": "18"
  },
  "main": "index.js",
  "dependencies": {
    "firebase-admin": "^11.8.0",
    "firebase-functions": "^4.3.1"
  },
  "devDependencies": {
    "eslint": "^8.15.0",
    "eslint-config-google": "^0.14.0",
    "firebase-functions-test": "^3.1.0"
  },
  "private": true
}
[debug] [2023-11-11T12:36:30.219Z] Building nodejs source
[debug] [2023-11-11T12:36:30.219Z] Failed to find version of module node: reached end of search path D:\video\Coding Video\A practice\react app\amzon clone\amazoneclone\functions\node_modules
[warn] !  functions: Your requested "node" version "18" doesn't match your global version "20". Using node@20 from host. 
[debug] [2023-11-11T12:36:30.221Z] Could not find functions.yaml. Must use http discovery
[debug] [2023-11-11T12:36:30.228Z] Found firebase-functions binary at 'D:\video\Coding Video\A practice\react app\amzon clone\amazoneclone\functions\node_modules\.bin\firebase-functions'
[error] !!  functions: Failed to load function definition from source: FirebaseError: Functions codebase could not be analyzed successfully. It may have a syntax or runtime error {"metadata":{"emulator":{"name":"functions"},"message":"Failed to load function definition from source: FirebaseError: Functions codebase could not be analyzed successfully. It may have a syntax or runtime error"}}
[info] Serving at port 8189

[error] TypeError: require(...) is not a function
    at Object.<anonymous> (D:\video\Coding Video\A practice\react app\amzon clone\amazoneclone\functions\index.js:4:44)
    at Module._compile (node:internal/modules/cjs/loader:1233:14)
    at Module._extensions..js (node:internal/modules/cjs/loader:1287:10)
    at Module.load (node:internal/modules/cjs/loader:1091:32)
    at Module._load (node:internal/modules/cjs/loader:938:12)
    at Module.require (node:internal/modules/cjs/loader:1115:19)
    at require (node:internal/modules/helpers:119:18)
    at loadModule (D:\video\Coding Video\A practice\react app\amzon clone\amazoneclone\functions\node_modules\firebase-functions\lib\runtime\loader.js:40:16)
    at loadStack (D:\video\Coding Video\A practice\react app\amzon clone\amazoneclone\functions\node_modules\firebase-functions\lib\runtime\loader.js:93:23)
    at D:\video\Coding Video\A practice\react app\amzon clone\amazoneclone\functions\node_modules\firebase-functions\lib\bin\firebase-functions.js:56:56

[debug] [2023-11-11T12:36:31.184Z] Got response code 400; body Failed to generate manifest from function source: TypeError: require(...) is not a function
[error] !!  functions: Failed to load function definition from source: FirebaseError: Functions codebase could not be analyzed successfully. It may have a syntax or runtime error {"metadata":{"emulator":{"name":"functions"},"message":"Failed to load function definition from source: FirebaseError: Functions codebase could not be analyzed successfully. It may have a syntax or runtime error"}}
[error] !!  functions: Failed to load function definition from source: FirebaseError: Functions codebase could not be analyzed successfully. It may have a syntax or runtime error {"metadata":{"emulator":{"name":"functions"},"message":"Failed to load function definition from source: FirebaseError: Functions codebase could not be analyzed successfully. It may have a syntax or runtime error"}}
[debug] [2023-11-11T12:37:15.891Z] [work-queue] {"queuedWork":["/e-clone-e697d/us-central1/api/Payment/create-2023-11-11T12:37:15.891Z"],"queueLength":1,"runningWork":[],"workRunningCount":0}
[debug] [2023-11-11T12:37:15.891Z] [work-queue] {"queuedWork":[],"queueLength":0,"runningWork":["/e-clone-e697d/us-central1/api/Payment/create-2023-11-11T12:37:15.891Z"],"workRunningCount":1}
[debug] [2023-11-11T12:37:15.892Z] [work-queue] {"queuedWork":[],"queueLength":0,"runningWork":[],"workRunningCount":0}
[debug] [2023-11-11T12:37:15.892Z] [work-queue] {"queuedWork":["/e-clone-e697d/us-central1/api/Payment/create-2023-11-11T12:37:15.892Z"],"queueLength":1,"runningWork":[],"workRunningCount":0}
[debug] [2023-11-11T12:37:15.893Z] [work-queue] {"queuedWork":[],"queueLength":0,"runningWork":["/e-clone-e697d/us-central1/api/Payment/create-2023-11-11T12:37:15.892Z"],"workRunningCount":1}
[debug] [2023-11-11T12:37:15.893Z] [work-queue] {"queuedWork":[],"queueLength":0,"runningWork":[],"workRunningCount":0}
[debug] [2023-11-11T12:38:48.205Z] [work-queue] {"queuedWork":["/e-clone-e697d/us-central1/api/Payment/create-2023-11-11T12:38:48.205Z"],"queueLength":1,"runningWork":[],"workRunningCount":0}
[debug] [2023-11-11T12:38:48.206Z] [work-queue] {"queuedWork":[],"queueLength":0,"runningWork":["/e-clone-e697d/us-central1/api/Payment/create-2023-11-11T12:38:48.205Z"],"workRunningCount":1}
[debug] [2023-11-11T12:38:48.207Z] [work-queue] {"queuedWork":[],"queueLength":0,"runningWork":[],"workRunningCount":0}
[debug] [2023-11-11T12:38:48.207Z] [work-queue] {"queuedWork":["/e-clone-e697d/us-central1/api/Payment/create-2023-11-11T12:38:48.207Z"],"queueLength":1,"runningWork":[],"workRunningCount":0}
[debug] [2023-11-11T12:38:48.208Z] [work-queue] {"queuedWork":[],"queueLength":0,"runningWork":["/e-clone-e697d/us-central1/api/Payment/create-2023-11-11T12:38:48.207Z"],"workRunningCount":1}
[debug] [2023-11-11T12:38:48.208Z] [work-queue] {"queuedWork":[],"queueLength":0,"runningWork":[],"workRunningCount":0}
[debug] [2023-11-11T12:39:31.227Z] [work-queue] {"queuedWork":["/e-clone-e697d/us-central1/api/Payment/create-2023-11-11T12:39:31.226Z"],"queueLength":1,"runningWork":[],"workRunningCount":0}
[debug] [2023-11-11T12:39:31.227Z] [work-queue] {"queuedWork":[],"queueLength":0,"runningWork":["/e-clone-e697d/us-central1/api/Payment/create-2023-11-11T12:39:31.226Z"],"workRunningCount":1}
[debug] [2023-11-11T12:39:31.228Z] [work-queue] {"queuedWork":[],"queueLength":0,"runningWork":[],"workRunningCount":0}
[debug] [2023-11-11T12:39:33.615Z] [work-queue] {"queuedWork":["/e-clone-e697d/us-central1/api/Payment/create-2023-11-11T12:39:33.615Z"],"queueLength":1,"runningWork":[],"workRunningCount":0}
[debug] [2023-11-11T12:39:33.616Z] [work-queue] {"queuedWork":[],"queueLength":0,"runningWork":["/e-clone-e697d/us-central1/api/Payment/create-2023-11-11T12:39:33.615Z"],"workRunningCount":1}
[debug] [2023-11-11T12:39:33.616Z] [work-queue] {"queuedWork":[],"queueLength":0,"runningWork":[],"workRunningCount":0}
[debug] [2023-11-11T12:39:35.222Z] [work-queue] {"queuedWork":["/e-clone-e697d/us-central1/api/Payment/create-2023-11-11T12:39:35.222Z"],"queueLength":1,"runningWork":[],"workRunningCount":0}
[debug] [2023-11-11T12:39:35.222Z] [work-queue] {"queuedWork":[],"queueLength":0,"runningWork":["/e-clone-e697d/us-central1/api/Payment/create-2023-11-11T12:39:35.222Z"],"workRunningCount":1}
[debug] [2023-11-11T12:39:35.223Z] [work-queue] {"queuedWork":[],"queueLength":0,"runningWork":[],"workRunningCount":0}
[debug] [2023-11-11T12:39:36.300Z] [work-queue] {"queuedWork":["/e-clone-e697d/us-central1/api/Payment/create-2023-11-11T12:39:36.300Z"],"queueLength":1,"runningWork":[],"workRunningCount":0}
[debug] [2023-11-11T12:39:36.300Z] [work-queue] {"queuedWork":[],"queueLength":0,"runningWork":["/e-clone-e697d/us-central1/api/Payment/create-2023-11-11T12:39:36.300Z"],"workRunningCount":1}
[debug] [2023-11-11T12:39:36.301Z] [work-queue] {"queuedWork":[],"queueLength":0,"runningWork":[],"workRunningCount":0}
[debug] [2023-11-11T12:39:36.663Z] [work-queue] {"queuedWork":["/e-clone-e697d/us-central1/api/Payment/create-2023-11-11T12:39:36.663Z"],"queueLength":1,"runningWork":[],"workRunningCount":0}
[debug] [2023-11-11T12:39:36.664Z] [work-queue] {"queuedWork":[],"queueLength":0,"runningWork":["/e-clone-e697d/us-central1/api/Payment/create-2023-11-11T12:39:36.663Z"],"workRunningCount":1}
[debug] [2023-11-11T12:39:36.664Z] [work-queue] {"queuedWork":[],"queueLength":0,"runningWork":[],"workRunningCount":0}
[debug] [2023-11-11T12:39:36.851Z] [work-queue] {"queuedWork":["/e-clone-e697d/us-central1/api/Payment/create-2023-11-11T12:39:36.851Z"],"queueLength":1,"runningWork":[],"workRunningCount":0}
[debug] [2023-11-11T12:39:36.851Z] [work-queue] {"queuedWork":[],"queueLength":0,"runningWork":["/e-clone-e697d/us-central1/api/Payment/create-2023-11-11T12:39:36.851Z"],"workRunningCount":1}
[debug] [2023-11-11T12:39:36.852Z] [work-queue] {"queuedWork":[],"queueLength":0,"runningWork":[],"workRunningCount":0}
[debug] [2023-11-11T12:39:37.030Z] [work-queue] {"queuedWork":["/e-clone-e697d/us-central1/api/Payment/create-2023-11-11T12:39:37.030Z"],"queueLength":1,"runningWork":[],"workRunningCount":0}
[debug] [2023-11-11T12:39:37.031Z] [work-queue] {"queuedWork":[],"queueLength":0,"runningWork":["/e-clone-e697d/us-central1/api/Payment/create-2023-11-11T12:39:37.030Z"],"workRunningCount":1}
[debug] [2023-11-11T12:39:37.031Z] [work-queue] {"queuedWork":[],"queueLength":0,"runningWork":[],"workRunningCount":0}
[debug] [2023-11-11T12:39:37.180Z] [work-queue] {"queuedWork":["/e-clone-e697d/us-central1/api/Payment/create-2023-11-11T12:39:37.180Z"],"queueLength":1,"runningWork":[],"workRunningCount":0}
[debug] [2023-11-11T12:39:37.180Z] [work-queue] {"queuedWork":[],"queueLength":0,"runningWork":["/e-clone-e697d/us-central1/api/Payment/create-2023-11-11T12:39:37.180Z"],"workRunningCount":1}
[debug] [2023-11-11T12:39:37.181Z] [work-queue] {"queuedWork":[],"queueLength":0,"runningWork":[],"workRunningCount":0}
[debug] [2023-11-11T12:44:21.190Z] [work-queue] {"queuedWork":["/e-clone-e697d/us-central1/api/Payment/create-2023-11-11T12:44:21.190Z"],"queueLength":1,"runningWork":[],"workRunningCount":0}
[debug] [2023-11-11T12:44:21.190Z] [work-queue] {"queuedWork":[],"queueLength":0,"runningWork":["/e-clone-e697d/us-central1/api/Payment/create-2023-11-11T12:44:21.190Z"],"workRunningCount":1}
[debug] [2023-11-11T12:44:21.191Z] [work-queue] {"queuedWork":[],"queueLength":0,"runningWork":[],"workRunningCount":0}
[debug] [2023-11-11T12:44:21.192Z] [work-queue] {"queuedWork":["/e-clone-e697d/us-central1/api/Payment/create-2023-11-11T12:44:21.192Z"],"queueLength":1,"runningWork":[],"workRunningCount":0}
[debug] [2023-11-11T12:44:21.192Z] [work-queue] {"queuedWork":[],"queueLength":0,"runningWork":["/e-clone-e697d/us-central1/api/Payment/create-2023-11-11T12:44:21.192Z"],"workRunningCount":1}
[debug] [2023-11-11T12:44:21.192Z] [work-queue] {"queuedWork":[],"queueLength":0,"runningWork":[],"workRunningCount":0}
[debug] [2023-11-11T12:44:23.868Z] [work-queue] {"queuedWork":["/e-clone-e697d/us-central1/api/Payment/create-2023-11-11T12:44:23.868Z"],"queueLength":1,"runningWork":[],"workRunningCount":0}
[debug] [2023-11-11T12:44:23.868Z] [work-queue] {"queuedWork":[],"queueLength":0,"runningWork":["/e-clone-e697d/us-central1/api/Payment/create-2023-11-11T12:44:23.868Z"],"workRunningCount":1}
[debug] [2023-11-11T12:44:23.869Z] [work-queue] {"queuedWork":[],"queueLength":0,"runningWork":[],"workRunningCount":0}
[debug] [2023-11-11T12:44:23.871Z] [work-queue] {"queuedWork":["/e-clone-e697d/us-central1/api/Payment/create-2023-11-11T12:44:23.871Z"],"queueLength":1,"runningWork":[],"workRunningCount":0}
[debug] [2023-11-11T12:44:23.872Z] [work-queue] {"queuedWork":[],"queueLength":0,"runningWork":["/e-clone-e697d/us-central1/api/Payment/create-2023-11-11T12:44:23.871Z"],"workRunningCount":1}
[debug] [2023-11-11T12:44:23.872Z] [work-queue] {"queuedWork":[],"queueLength":0,"runningWork":[],"workRunningCount":0}
[debug] [2023-11-11T12:46:50.139Z] [work-queue] {"queuedWork":["/e-clone-e697d/us-central1/api/Payment/create-2023-11-11T12:46:50.139Z"],"queueLength":1,"runningWork":[],"workRunningCount":0}
[debug] [2023-11-11T12:46:50.140Z] [work-queue] {"queuedWork":[],"queueLength":0,"runningWork":["/e-clone-e697d/us-central1/api/Payment/create-2023-11-11T12:46:50.139Z"],"workRunningCount":1}
[debug] [2023-11-11T12:46:50.140Z] [work-queue] {"queuedWork":[],"queueLength":0,"runningWork":[],"workRunningCount":0}
[debug] [2023-11-11T12:46:51.351Z] [work-queue] {"queuedWork":["/e-clone-e697d/us-central1/api/Payment/create-2023-11-11T12:46:51.351Z"],"queueLength":1,"runningWork":[],"workRunningCount":0}
[debug] [2023-11-11T12:46:51.351Z] [work-queue] {"queuedWork":[],"queueLength":0,"runningWork":["/e-clone-e697d/us-central1/api/Payment/create-2023-11-11T12:46:51.351Z"],"workRunningCount":1}
[debug] [2023-11-11T12:46:51.351Z] [work-queue] {"queuedWork":[],"queueLength":0,"runningWork":[],"workRunningCount":0}
[debug] [2023-11-11T12:46:51.353Z] [work-queue] {"queuedWork":["/e-clone-e697d/us-central1/api/Payment/create-2023-11-11T12:46:51.353Z"],"queueLength":1,"runningWork":[],"workRunningCount":0}
[debug] [2023-11-11T12:46:51.354Z] [work-queue] {"queuedWork":[],"queueLength":0,"runningWork":["/e-clone-e697d/us-central1/api/Payment/create-2023-11-11T12:46:51.353Z"],"workRunningCount":1}
[debug] [2023-11-11T12:46:51.355Z] [work-queue] {"queuedWork":[],"queueLength":0,"runningWork":[],"workRunningCount":0}
